Tue, 05 Dec 2017 19:14:25 word2vec.py[line:732] INFO collecting all words and their counts
Tue, 05 Dec 2017 19:14:25 word2vec.py[line:750] INFO PROGRESS: at sentence #0, processed 0 words, keeping 0 word types
Tue, 05 Dec 2017 19:14:26 word2vec.py[line:762] INFO collected 16685 word types from a corpus of 151388 raw words and 1916 sentences
Tue, 05 Dec 2017 19:14:26 word2vec.py[line:787] INFO Loading a fresh vocabulary
Tue, 05 Dec 2017 19:14:26 word2vec.py[line:811] INFO min_count=5 retains 3826 unique words (22% of original 16685, drops 12859)
Tue, 05 Dec 2017 19:14:26 word2vec.py[line:817] INFO min_count=5 leaves 130549 word corpus (86% of original 151388, drops 20839)
Tue, 05 Dec 2017 19:14:26 word2vec.py[line:876] INFO deleting the raw counts dictionary of 16685 items
Tue, 05 Dec 2017 19:14:26 word2vec.py[line:879] INFO sample=0.001 downsamples 36 most-common words
Tue, 05 Dec 2017 19:14:26 word2vec.py[line:882] INFO downsampling leaves estimated 93145 word corpus (71.3% of prior 130549)
Tue, 05 Dec 2017 19:14:26 word2vec.py[line:1531] INFO estimated required memory for 3826 words and 100 dimensions: 5739000 bytes
Tue, 05 Dec 2017 19:14:26 word2vec.py[line:908] INFO build Huffman tree
Tue, 05 Dec 2017 19:14:26 word2vec.py[line:655] INFO constructing a huffman tree from 3826 words
Tue, 05 Dec 2017 19:14:26 word2vec.py[line:681] INFO built huffman tree with maximum node depth 15
Tue, 05 Dec 2017 19:14:26 word2vec.py[line:1342] INFO resetting layer weights
Tue, 05 Dec 2017 19:14:26 word2vec.py[line:999] INFO training model with 3 workers on 3826 vocabulary and 100 features, using sg=0 hs=1 sample=0.001 negative=0 window=5
Tue, 05 Dec 2017 19:14:27 word2vec.py[line:1148] INFO PROGRESS: at 13.12% examples, 60293 words/s, in_qsize 0, out_qsize 0
Tue, 05 Dec 2017 19:14:29 word2vec.py[line:1148] INFO PROGRESS: at 31.44% examples, 72071 words/s, in_qsize 0, out_qsize 0
Tue, 05 Dec 2017 19:14:30 word2vec.py[line:1148] INFO PROGRESS: at 49.52% examples, 74960 words/s, in_qsize 0, out_qsize 0
Tue, 05 Dec 2017 19:14:31 word2vec.py[line:1148] INFO PROGRESS: at 67.87% examples, 76788 words/s, in_qsize 0, out_qsize 0
Tue, 05 Dec 2017 19:14:32 word2vec.py[line:1148] INFO PROGRESS: at 86.19% examples, 78007 words/s, in_qsize 0, out_qsize 0
Tue, 05 Dec 2017 19:14:32 word2vec.py[line:1130] INFO worker thread finished; awaiting finish of 2 more threads
Tue, 05 Dec 2017 19:14:32 word2vec.py[line:1130] INFO worker thread finished; awaiting finish of 1 more threads
Tue, 05 Dec 2017 19:14:32 word2vec.py[line:1130] INFO worker thread finished; awaiting finish of 0 more threads
Tue, 05 Dec 2017 19:14:32 word2vec.py[line:1163] INFO training on 756940 raw words (465509 effective words) took 5.9s, 78704 effective words/s
Tue, 05 Dec 2017 19:14:32 utils.py[line:370] INFO saving Word2Vec object under ../res/huf_100_cbow/model/huf_100_cbow, separately None
Tue, 05 Dec 2017 19:14:32 utils.py[line:456] INFO not storing attribute syn0norm
Tue, 05 Dec 2017 19:14:32 utils.py[line:456] INFO not storing attribute cum_table
Tue, 05 Dec 2017 19:14:32 utils.py[line:383] INFO saved ../res/huf_100_cbow/model/huf_100_cbow
Tue, 05 Dec 2017 19:14:33 word2vec.py[line:905] INFO build KD tree
Tue, 05 Dec 2017 19:14:33 word2vec.py[line:631] INFO constructing a kd-tree from 3826 words
Tue, 05 Dec 2017 19:14:44 word2vec.py[line:646] INFO the number of inner_node is 3825
Tue, 05 Dec 2017 19:14:44 word2vec.py[line:647] INFO built kd tree with maximum node depth 12
Tue, 05 Dec 2017 19:14:44 word2vec.py[line:1313] INFO updating layer weights
Tue, 05 Dec 2017 19:14:44 word2vec.py[line:999] INFO training model with 3 workers on 3826 vocabulary and 100 features, using sg=0 hs=1 sample=0.001 negative=0 window=5
Tue, 05 Dec 2017 19:14:45 word2vec.py[line:1148] INFO PROGRESS: at 14.56% examples, 62003 words/s, in_qsize 0, out_qsize 0
Tue, 05 Dec 2017 19:14:46 word2vec.py[line:1148] INFO PROGRESS: at 32.84% examples, 72106 words/s, in_qsize 0, out_qsize 0
Tue, 05 Dec 2017 19:14:47 word2vec.py[line:1148] INFO PROGRESS: at 50.99% examples, 75531 words/s, in_qsize 0, out_qsize 0
Tue, 05 Dec 2017 19:14:48 word2vec.py[line:1148] INFO PROGRESS: at 69.33% examples, 77258 words/s, in_qsize 0, out_qsize 0
Tue, 05 Dec 2017 19:14:49 word2vec.py[line:1148] INFO PROGRESS: at 87.53% examples, 78482 words/s, in_qsize 0, out_qsize 0
Tue, 05 Dec 2017 19:14:50 word2vec.py[line:1130] INFO worker thread finished; awaiting finish of 2 more threads
Tue, 05 Dec 2017 19:14:50 word2vec.py[line:1130] INFO worker thread finished; awaiting finish of 1 more threads
Tue, 05 Dec 2017 19:14:50 word2vec.py[line:1130] INFO worker thread finished; awaiting finish of 0 more threads
Tue, 05 Dec 2017 19:14:50 word2vec.py[line:1163] INFO training on 756940 raw words (465399 effective words) took 5.9s, 79199 effective words/s
Tue, 05 Dec 2017 19:14:50 utils.py[line:370] INFO saving Word2Vec object under ../res/kd_100_cbow/model/kd_100_cbow, separately None
Tue, 05 Dec 2017 19:14:50 utils.py[line:456] INFO not storing attribute syn0norm
Tue, 05 Dec 2017 19:14:50 utils.py[line:456] INFO not storing attribute cum_table
Tue, 05 Dec 2017 19:14:50 utils.py[line:383] INFO saved ../res/kd_100_cbow/model/kd_100_cbow
Tue, 05 Dec 2017 19:14:50 word2vec.py[line:905] INFO build KD tree
Tue, 05 Dec 2017 19:14:50 word2vec.py[line:631] INFO constructing a kd-tree from 3826 words
Tue, 05 Dec 2017 19:14:51 word2vec.py[line:646] INFO the number of inner_node is 3825
Tue, 05 Dec 2017 19:14:51 word2vec.py[line:647] INFO built kd tree with maximum node depth 12
Tue, 05 Dec 2017 19:14:51 word2vec.py[line:1313] INFO updating layer weights
Tue, 05 Dec 2017 19:14:51 word2vec.py[line:999] INFO training model with 3 workers on 3826 vocabulary and 100 features, using sg=0 hs=1 sample=0.001 negative=0 window=5
Tue, 05 Dec 2017 19:14:52 word2vec.py[line:1148] INFO PROGRESS: at 14.56% examples, 67663 words/s, in_qsize 0, out_qsize 0
Tue, 05 Dec 2017 19:14:53 word2vec.py[line:1148] INFO PROGRESS: at 32.84% examples, 74929 words/s, in_qsize 0, out_qsize 0
Tue, 05 Dec 2017 19:14:54 word2vec.py[line:1148] INFO PROGRESS: at 50.99% examples, 77572 words/s, in_qsize 0, out_qsize 0
Tue, 05 Dec 2017 19:14:55 word2vec.py[line:1148] INFO PROGRESS: at 69.33% examples, 78817 words/s, in_qsize 0, out_qsize 0
Tue, 05 Dec 2017 19:14:56 word2vec.py[line:1148] INFO PROGRESS: at 87.53% examples, 79543 words/s, in_qsize 0, out_qsize 0
Tue, 05 Dec 2017 19:14:57 word2vec.py[line:1130] INFO worker thread finished; awaiting finish of 2 more threads
Tue, 05 Dec 2017 19:14:57 word2vec.py[line:1130] INFO worker thread finished; awaiting finish of 1 more threads
Tue, 05 Dec 2017 19:14:57 word2vec.py[line:1130] INFO worker thread finished; awaiting finish of 0 more threads
Tue, 05 Dec 2017 19:14:57 word2vec.py[line:1163] INFO training on 756940 raw words (465399 effective words) took 5.8s, 80245 effective words/s
Tue, 05 Dec 2017 19:14:57 utils.py[line:370] INFO saving Word2Vec object under ../res/pca_100_cbow/model/pca_100_cbow, separately None
Tue, 05 Dec 2017 19:14:57 utils.py[line:456] INFO not storing attribute syn0norm
Tue, 05 Dec 2017 19:14:57 utils.py[line:456] INFO not storing attribute cum_table
Tue, 05 Dec 2017 19:14:57 utils.py[line:383] INFO saved ../res/pca_100_cbow/model/pca_100_cbow
Tue, 05 Dec 2017 19:14:57 word2vec.py[line:732] INFO collecting all words and their counts
Tue, 05 Dec 2017 19:14:57 word2vec.py[line:750] INFO PROGRESS: at sentence #0, processed 0 words, keeping 0 word types
Tue, 05 Dec 2017 19:14:58 word2vec.py[line:762] INFO collected 16685 word types from a corpus of 151388 raw words and 1916 sentences
Tue, 05 Dec 2017 19:14:58 word2vec.py[line:787] INFO Loading a fresh vocabulary
Tue, 05 Dec 2017 19:14:58 word2vec.py[line:811] INFO min_count=5 retains 3826 unique words (22% of original 16685, drops 12859)
Tue, 05 Dec 2017 19:14:58 word2vec.py[line:817] INFO min_count=5 leaves 130549 word corpus (86% of original 151388, drops 20839)
Tue, 05 Dec 2017 19:14:58 word2vec.py[line:876] INFO deleting the raw counts dictionary of 16685 items
Tue, 05 Dec 2017 19:14:58 word2vec.py[line:879] INFO sample=0.001 downsamples 36 most-common words
Tue, 05 Dec 2017 19:14:58 word2vec.py[line:882] INFO downsampling leaves estimated 93145 word corpus (71.3% of prior 130549)
Tue, 05 Dec 2017 19:14:58 word2vec.py[line:1531] INFO estimated required memory for 3826 words and 100 dimensions: 5739000 bytes
Tue, 05 Dec 2017 19:14:58 word2vec.py[line:908] INFO build Huffman tree
Tue, 05 Dec 2017 19:14:58 word2vec.py[line:655] INFO constructing a huffman tree from 3826 words
Tue, 05 Dec 2017 19:14:58 word2vec.py[line:681] INFO built huffman tree with maximum node depth 15
Tue, 05 Dec 2017 19:14:58 word2vec.py[line:1342] INFO resetting layer weights
Tue, 05 Dec 2017 19:14:58 word2vec.py[line:999] INFO training model with 3 workers on 3826 vocabulary and 100 features, using sg=1 hs=1 sample=0.001 negative=0 window=5
Tue, 05 Dec 2017 19:14:59 word2vec.py[line:1148] INFO PROGRESS: at 11.81% examples, 52987 words/s, in_qsize 0, out_qsize 0
Tue, 05 Dec 2017 19:15:01 word2vec.py[line:1148] INFO PROGRESS: at 28.59% examples, 63620 words/s, in_qsize 0, out_qsize 0
Tue, 05 Dec 2017 19:15:02 word2vec.py[line:1148] INFO PROGRESS: at 46.82% examples, 70107 words/s, in_qsize 0, out_qsize 0
Tue, 05 Dec 2017 19:15:03 word2vec.py[line:1148] INFO PROGRESS: at 65.32% examples, 72466 words/s, in_qsize 0, out_qsize 0
Tue, 05 Dec 2017 19:15:04 word2vec.py[line:1148] INFO PROGRESS: at 84.06% examples, 74261 words/s, in_qsize 0, out_qsize 0
Tue, 05 Dec 2017 19:15:04 word2vec.py[line:1130] INFO worker thread finished; awaiting finish of 2 more threads
Tue, 05 Dec 2017 19:15:05 word2vec.py[line:1130] INFO worker thread finished; awaiting finish of 1 more threads
Tue, 05 Dec 2017 19:15:05 word2vec.py[line:1130] INFO worker thread finished; awaiting finish of 0 more threads
Tue, 05 Dec 2017 19:15:05 word2vec.py[line:1163] INFO training on 756940 raw words (465509 effective words) took 6.1s, 75805 effective words/s
Tue, 05 Dec 2017 19:15:05 utils.py[line:370] INFO saving Word2Vec object under ../res/huf_100_sg/model/huf_100_sg, separately None
Tue, 05 Dec 2017 19:15:05 utils.py[line:456] INFO not storing attribute syn0norm
Tue, 05 Dec 2017 19:15:05 utils.py[line:456] INFO not storing attribute cum_table
Tue, 05 Dec 2017 19:15:05 utils.py[line:383] INFO saved ../res/huf_100_sg/model/huf_100_sg
Tue, 05 Dec 2017 19:15:05 word2vec.py[line:905] INFO build KD tree
Tue, 05 Dec 2017 19:15:05 word2vec.py[line:631] INFO constructing a kd-tree from 3826 words
Tue, 05 Dec 2017 19:15:16 word2vec.py[line:646] INFO the number of inner_node is 3825
Tue, 05 Dec 2017 19:15:16 word2vec.py[line:647] INFO built kd tree with maximum node depth 12
Tue, 05 Dec 2017 19:15:16 word2vec.py[line:1313] INFO updating layer weights
Tue, 05 Dec 2017 19:15:16 word2vec.py[line:999] INFO training model with 3 workers on 3826 vocabulary and 100 features, using sg=1 hs=1 sample=0.001 negative=0 window=5
Tue, 05 Dec 2017 19:15:17 word2vec.py[line:1148] INFO PROGRESS: at 13.12% examples, 58628 words/s, in_qsize 0, out_qsize 0
Tue, 05 Dec 2017 19:15:18 word2vec.py[line:1148] INFO PROGRESS: at 31.44% examples, 71607 words/s, in_qsize 0, out_qsize 0
Tue, 05 Dec 2017 19:15:19 word2vec.py[line:1148] INFO PROGRESS: at 49.52% examples, 75233 words/s, in_qsize 1, out_qsize 0
Tue, 05 Dec 2017 19:15:20 word2vec.py[line:1148] INFO PROGRESS: at 65.32% examples, 73685 words/s, in_qsize 0, out_qsize 0
Tue, 05 Dec 2017 19:15:21 word2vec.py[line:1148] INFO PROGRESS: at 82.42% examples, 73986 words/s, in_qsize 0, out_qsize 0
Tue, 05 Dec 2017 19:15:22 word2vec.py[line:1130] INFO worker thread finished; awaiting finish of 2 more threads
Tue, 05 Dec 2017 19:15:22 word2vec.py[line:1130] INFO worker thread finished; awaiting finish of 1 more threads
Tue, 05 Dec 2017 19:15:22 word2vec.py[line:1130] INFO worker thread finished; awaiting finish of 0 more threads
Tue, 05 Dec 2017 19:15:22 word2vec.py[line:1163] INFO training on 756940 raw words (465399 effective words) took 6.2s, 75597 effective words/s
Tue, 05 Dec 2017 19:15:22 utils.py[line:370] INFO saving Word2Vec object under ../res/kd_100_sg/model/kd_100_sg, separately None
Tue, 05 Dec 2017 19:15:22 utils.py[line:456] INFO not storing attribute syn0norm
Tue, 05 Dec 2017 19:15:22 utils.py[line:456] INFO not storing attribute cum_table
Tue, 05 Dec 2017 19:15:22 utils.py[line:383] INFO saved ../res/kd_100_sg/model/kd_100_sg
Tue, 05 Dec 2017 19:15:22 word2vec.py[line:905] INFO build KD tree
Tue, 05 Dec 2017 19:15:22 word2vec.py[line:631] INFO constructing a kd-tree from 3826 words
Tue, 05 Dec 2017 19:15:23 word2vec.py[line:646] INFO the number of inner_node is 3825
Tue, 05 Dec 2017 19:15:23 word2vec.py[line:647] INFO built kd tree with maximum node depth 12
Tue, 05 Dec 2017 19:15:23 word2vec.py[line:1313] INFO updating layer weights
Tue, 05 Dec 2017 19:15:23 word2vec.py[line:999] INFO training model with 3 workers on 3826 vocabulary and 100 features, using sg=1 hs=1 sample=0.001 negative=0 window=5
Tue, 05 Dec 2017 19:15:25 word2vec.py[line:1148] INFO PROGRESS: at 13.12% examples, 59935 words/s, in_qsize 0, out_qsize 0
Tue, 05 Dec 2017 19:15:26 word2vec.py[line:1148] INFO PROGRESS: at 31.44% examples, 70950 words/s, in_qsize 0, out_qsize 0
Tue, 05 Dec 2017 19:15:27 word2vec.py[line:1148] INFO PROGRESS: at 49.52% examples, 75511 words/s, in_qsize 0, out_qsize 0
Tue, 05 Dec 2017 19:15:28 word2vec.py[line:1148] INFO PROGRESS: at 67.87% examples, 77201 words/s, in_qsize 0, out_qsize 0
Tue, 05 Dec 2017 19:15:29 word2vec.py[line:1148] INFO PROGRESS: at 86.19% examples, 78365 words/s, in_qsize 0, out_qsize 0
Tue, 05 Dec 2017 19:15:29 word2vec.py[line:1130] INFO worker thread finished; awaiting finish of 2 more threads
Tue, 05 Dec 2017 19:15:29 word2vec.py[line:1130] INFO worker thread finished; awaiting finish of 1 more threads
Tue, 05 Dec 2017 19:15:29 word2vec.py[line:1130] INFO worker thread finished; awaiting finish of 0 more threads
Tue, 05 Dec 2017 19:15:29 word2vec.py[line:1163] INFO training on 756940 raw words (465399 effective words) took 5.9s, 79473 effective words/s
Tue, 05 Dec 2017 19:15:29 utils.py[line:370] INFO saving Word2Vec object under ../res/pca_100_sg/model/pca_100_sg, separately None
Tue, 05 Dec 2017 19:15:29 utils.py[line:456] INFO not storing attribute syn0norm
Tue, 05 Dec 2017 19:15:29 utils.py[line:456] INFO not storing attribute cum_table
Tue, 05 Dec 2017 19:15:29 utils.py[line:383] INFO saved ../res/pca_100_sg/model/pca_100_sg
Tue, 05 Dec 2017 19:15:29 word2vec.py[line:732] INFO collecting all words and their counts
Tue, 05 Dec 2017 19:15:29 word2vec.py[line:750] INFO PROGRESS: at sentence #0, processed 0 words, keeping 0 word types
Tue, 05 Dec 2017 19:15:31 word2vec.py[line:762] INFO collected 16685 word types from a corpus of 151388 raw words and 1916 sentences
Tue, 05 Dec 2017 19:15:31 word2vec.py[line:787] INFO Loading a fresh vocabulary
Tue, 05 Dec 2017 19:15:31 word2vec.py[line:811] INFO min_count=5 retains 3826 unique words (22% of original 16685, drops 12859)
Tue, 05 Dec 2017 19:15:31 word2vec.py[line:817] INFO min_count=5 leaves 130549 word corpus (86% of original 151388, drops 20839)
Tue, 05 Dec 2017 19:15:31 word2vec.py[line:876] INFO deleting the raw counts dictionary of 16685 items
Tue, 05 Dec 2017 19:15:31 word2vec.py[line:879] INFO sample=0.001 downsamples 36 most-common words
Tue, 05 Dec 2017 19:15:31 word2vec.py[line:882] INFO downsampling leaves estimated 93145 word corpus (71.3% of prior 130549)
Tue, 05 Dec 2017 19:15:31 word2vec.py[line:1531] INFO estimated required memory for 3826 words and 300 dimensions: 11860600 bytes
Tue, 05 Dec 2017 19:15:31 word2vec.py[line:908] INFO build Huffman tree
Tue, 05 Dec 2017 19:15:31 word2vec.py[line:655] INFO constructing a huffman tree from 3826 words
Tue, 05 Dec 2017 19:15:31 word2vec.py[line:681] INFO built huffman tree with maximum node depth 15
Tue, 05 Dec 2017 19:15:31 word2vec.py[line:1342] INFO resetting layer weights
Tue, 05 Dec 2017 19:15:31 word2vec.py[line:999] INFO training model with 3 workers on 3826 vocabulary and 300 features, using sg=0 hs=1 sample=0.001 negative=0 window=5
Tue, 05 Dec 2017 19:15:32 word2vec.py[line:1148] INFO PROGRESS: at 13.12% examples, 61423 words/s, in_qsize 0, out_qsize 0
Tue, 05 Dec 2017 19:15:33 word2vec.py[line:1148] INFO PROGRESS: at 31.44% examples, 72218 words/s, in_qsize 0, out_qsize 0
Tue, 05 Dec 2017 19:15:34 word2vec.py[line:1148] INFO PROGRESS: at 49.52% examples, 75766 words/s, in_qsize 0, out_qsize 0
Tue, 05 Dec 2017 19:15:35 word2vec.py[line:1148] INFO PROGRESS: at 67.87% examples, 77413 words/s, in_qsize 0, out_qsize 0
Tue, 05 Dec 2017 19:15:36 word2vec.py[line:1148] INFO PROGRESS: at 86.19% examples, 78302 words/s, in_qsize 0, out_qsize 0
Tue, 05 Dec 2017 19:15:37 word2vec.py[line:1130] INFO worker thread finished; awaiting finish of 2 more threads
Tue, 05 Dec 2017 19:15:37 word2vec.py[line:1130] INFO worker thread finished; awaiting finish of 1 more threads
Tue, 05 Dec 2017 19:15:37 word2vec.py[line:1130] INFO worker thread finished; awaiting finish of 0 more threads
Tue, 05 Dec 2017 19:15:37 word2vec.py[line:1163] INFO training on 756940 raw words (465509 effective words) took 5.9s, 79124 effective words/s
Tue, 05 Dec 2017 19:15:37 utils.py[line:370] INFO saving Word2Vec object under ../res/huf_300_cbow/model/huf_300_cbow, separately None
Tue, 05 Dec 2017 19:15:37 utils.py[line:456] INFO not storing attribute syn0norm
Tue, 05 Dec 2017 19:15:37 utils.py[line:456] INFO not storing attribute cum_table
Tue, 05 Dec 2017 19:15:37 utils.py[line:383] INFO saved ../res/huf_300_cbow/model/huf_300_cbow
Tue, 05 Dec 2017 19:15:37 word2vec.py[line:905] INFO build KD tree
Tue, 05 Dec 2017 19:15:37 word2vec.py[line:631] INFO constructing a kd-tree from 3826 words
Tue, 05 Dec 2017 19:16:12 word2vec.py[line:646] INFO the number of inner_node is 3825
Tue, 05 Dec 2017 19:16:12 word2vec.py[line:647] INFO built kd tree with maximum node depth 12
Tue, 05 Dec 2017 19:16:12 word2vec.py[line:1313] INFO updating layer weights
Tue, 05 Dec 2017 19:16:12 word2vec.py[line:999] INFO training model with 3 workers on 3826 vocabulary and 300 features, using sg=0 hs=1 sample=0.001 negative=0 window=5
Tue, 05 Dec 2017 19:16:13 word2vec.py[line:1148] INFO PROGRESS: at 13.12% examples, 60430 words/s, in_qsize 0, out_qsize 0
Tue, 05 Dec 2017 19:16:14 word2vec.py[line:1148] INFO PROGRESS: at 31.44% examples, 72219 words/s, in_qsize 0, out_qsize 0
Tue, 05 Dec 2017 19:16:15 word2vec.py[line:1148] INFO PROGRESS: at 49.52% examples, 76610 words/s, in_qsize 0, out_qsize 0
Tue, 05 Dec 2017 19:16:16 word2vec.py[line:1148] INFO PROGRESS: at 69.33% examples, 78907 words/s, in_qsize 0, out_qsize 0
Tue, 05 Dec 2017 19:16:17 word2vec.py[line:1148] INFO PROGRESS: at 87.53% examples, 80145 words/s, in_qsize 0, out_qsize 0
